0 info it worked if it ends with ok
1 verbose cli [ 'C:\\Program Files (x86)\\nodejs\\node.exe',
1 verbose cli   'C:\\Program Files (x86)\\nodejs\\node_modules\\npm\\bin\\npm-cli.js',
1 verbose cli   'start' ]
2 info using npm@3.6.0
3 info using node@v5.6.0
4 verbose run-script [ 'prestart', 'start', 'poststart' ]
5 info lifecycle a2.quickstart@1.0.0~prestart: a2.quickstart@1.0.0
6 silly lifecycle a2.quickstart@1.0.0~prestart: no script for prestart, continuing
7 info lifecycle a2.quickstart@1.0.0~start: a2.quickstart@1.0.0
8 verbose lifecycle a2.quickstart@1.0.0~start: unsafe-perm in lifecycle true
9 verbose lifecycle a2.quickstart@1.0.0~start: PATH: C:\Program Files (x86)\nodejs\node_modules\npm\bin\node-gyp-bin;G:\Projects\git\github\a2.quickstart\node_modules\.bin;C:\Windows\system32;C:\Windows;C:\Windows\System32\Wbem;C:\Windows\System32\WindowsPowerShell\v1.0\;C:\Program Files (x86)\NVIDIA Corporation\PhysX\Common;C:\Program Files (x86)\Windows Kits\10\Windows Performance Toolkit\;C:\Program Files (x86)\Skype\Phone\;C:\Program Files\Microsoft\Web Platform Installer\;C:\Program Files (x86)\Microsoft Emulator Manager\1.0\;C:\Program Files (x86)\nodejs\;C:\Program Files\Microsoft SQL Server\120\Tools\Binn\;C:\Program Files\Microsoft SQL Server\Client SDK\ODBC\110\Tools\Binn\;C:\Program Files (x86)\Microsoft SQL Server\120\Tools\Binn\;C:\Program Files\Microsoft SQL Server\120\DTS\Binn\;C:\Program Files (x86)\Microsoft SQL Server\120\Tools\Binn\ManagementStudio\;C:\Program Files (x86)\Microsoft SQL Server\120\DTS\Binn\;C:\Program Files\Git\cmd;C:\Users\ja\.dnx\bin;C:\Program Files (x86)\Microsoft SDKs\TypeScript\1.8;C:\Program Files (x86)\Microsoft VS Code\bin;C:\Users\ja\AppData\Roaming\npm
10 verbose lifecycle a2.quickstart@1.0.0~start: CWD: G:\Projects\git\github\a2.quickstart
11 silly lifecycle a2.quickstart@1.0.0~start: Args: [ '/d /s /c', 'concurrently "npm run tsc:w" "npm run lite" ' ]
12 silly lifecycle a2.quickstart@1.0.0~start: Returned: code: 1  signal: null
13 info lifecycle a2.quickstart@1.0.0~start: Failed to exec start script
14 verbose stack Error: a2.quickstart@1.0.0 start: `concurrently "npm run tsc:w" "npm run lite" `
14 verbose stack Exit status 1
14 verbose stack     at EventEmitter.<anonymous> (C:\Program Files (x86)\nodejs\node_modules\npm\lib\utils\lifecycle.js:232:16)
14 verbose stack     at emitTwo (events.js:100:13)
14 verbose stack     at EventEmitter.emit (events.js:185:7)
14 verbose stack     at ChildProcess.<anonymous> (C:\Program Files (x86)\nodejs\node_modules\npm\lib\utils\spawn.js:24:14)
14 verbose stack     at emitTwo (events.js:100:13)
14 verbose stack     at ChildProcess.emit (events.js:185:7)
14 verbose stack     at maybeClose (internal/child_process.js:827:16)
14 verbose stack     at Process.ChildProcess._handle.onexit (internal/child_process.js:211:5)
15 verbose pkgid a2.quickstart@1.0.0
16 verbose cwd G:\Projects\git\github\a2.quickstart
17 error Windows_NT 10.0.10586
18 error argv "C:\\Program Files (x86)\\nodejs\\node.exe" "C:\\Program Files (x86)\\nodejs\\node_modules\\npm\\bin\\npm-cli.js" "start"
19 error node v5.6.0
20 error npm  v3.6.0
21 error code ELIFECYCLE
22 error a2.quickstart@1.0.0 start: `concurrently "npm run tsc:w" "npm run lite" `
22 error Exit status 1
23 error Failed at the a2.quickstart@1.0.0 start script 'concurrently "npm run tsc:w" "npm run lite" '.
23 error Make sure you have the latest version of node.js and npm installed.
23 error If you do, this is most likely a problem with the a2.quickstart package,
23 error not with npm itself.
23 error Tell the author that this fails on your system:
23 error     concurrently "npm run tsc:w" "npm run lite"
23 error You can get information on how to open an issue for this project with:
23 error     npm bugs a2.quickstart
23 error Or if that isn't available, you can get their info via:
23 error     npm owner ls a2.quickstart
23 error There is likely additional logging output above.
24 verbose exit [ 1, true ]
